11:39:44 **** Incremental Build of configuration Debug for project Parcial_laboratorio1 ****
Info: Internal Builder is used for build
gcc -O0 -g3 -Wall -c -fmessage-length=0 -o "src\\Parcial_laboratorio1.o" "..\\src\\Parcial_laboratorio1.c" 
gcc -O0 -g3 -Wall -c -fmessage-length=0 -o "src\\Clientes.o" "..\\src\\Clientes.c" 
gcc -O0 -g3 -Wall -c -fmessage-length=0 -o "src\\Informes.o" "..\\src\\Informes.c" 
gcc -O0 -g3 -Wall -c -fmessage-length=0 -o "src\\Pedidos.o" "..\\src\\Pedidos.c" 
gcc -o Parcial_laboratorio1.exe "src\\Clientes.o" "src\\Informes.o" "src\\Parcial_laboratorio1.o" "src\\Pedidos.o" "src\\localidad.o" "src\\utn.o" 
Info: Nothing to build for Parcial_laboratorio1
11:46:07 **** Incremental Build of configuration Debug for project Parcial_laboratorio1 ****
Info: Internal Builder is used for build
gcc -O0 -g3 -Wall -c -fmessage-length=0 -o "src\\Clientes.o" "..\\src\\Clientes.c" 
gcc -o Parcial_laboratorio1.exe "src\\Clientes.o" "src\\Informes.o" "src\\Parcial_laboratorio1.o" "src\\Pedidos.o" "src\\localidad.o" "src\\utn.o" 
Info: Nothing to build for Parcial_laboratorio1
11:48:14 **** Incremental Build of configuration Debug for project Parcial_laboratorio1 ****
Info: Internal Builder is used for build
gcc -O0 -g3 -Wall -c -fmessage-length=0 -o "src\\Clientes.o" "..\\src\\Clientes.c" 
gcc -o Parcial_laboratorio1.exe "src\\Clientes.o" "src\\Informes.o" "src\\Parcial_laboratorio1.o" "src\\Pedidos.o" "src\\localidad.o" "src\\utn.o" 
Info: Nothing to build for Parcial_laboratorio1
Info: Nothing to build for Parcial_laboratorio1
12:01:21 **** Incremental Build of configuration Debug for project Parcial_laboratorio1 ****
Info: Internal Builder is used for build
gcc -O0 -g3 -Wall -c -fmessage-length=0 -o "src\\Clientes.o" "..\\src\\Clientes.c" 
gcc -o Parcial_laboratorio1.exe "src\\Clientes.o" "src\\Informes.o" "src\\Parcial_laboratorio1.o" "src\\Pedidos.o" "src\\localidad.o" "src\\utn.o" 
Info: Nothing to build for Parcial_laboratorio1
14:19:25 **** Incremental Build of configuration Debug for project Parcial_laboratorio1 ****
Info: Internal Builder is used for build
gcc -O0 -g3 -Wall -c -fmessage-length=0 -o "src\\Clientes.o" "..\\src\\Clientes.c" 
gcc -o Parcial_laboratorio1.exe "src\\Clientes.o" "src\\Informes.o" "src\\Parcial_laboratorio1.o" "src\\Pedidos.o" "src\\localidad.o" "src\\utn.o" 
14:23:22 **** Incremental Build of configuration Debug for project Parcial_laboratorio1 ****
Info: Internal Builder is used for build
gcc -O0 -g3 -Wall -c -fmessage-length=0 -o "src\\Clientes.o" "..\\src\\Clientes.c" 
gcc -o Parcial_laboratorio1.exe "src\\Clientes.o" "src\\Informes.o" "src\\Parcial_laboratorio1.o" "src\\Pedidos.o" "src\\localidad.o" "src\\utn.o" 
Info: Nothing to build for Parcial_laboratorio1
14:27:44 **** Incremental Build of configuration Debug for project Parcial_laboratorio1 ****
Info: Internal Builder is used for build
gcc -O0 -g3 -Wall -c -fmessage-length=0 -o "src\\Parcial_laboratorio1.o" "..\\src\\Parcial_laboratorio1.c" 
..\src\Parcial_laboratorio1.c: In function 'main':
..\src\Parcial_laboratorio1.c:20:93: warning: initialization of 'int' from 'char *' makes integer from pointer without a cast [-Wint-conversion]
   20 |  eClientes clientes[CANT_CLIENTES] = {{1, "Zara", "26-12458796-4", {"Mariano Acosta", 236}, "Parque Chacabuco", OCUPADO},
      |                                                                                             ^~~~~~~~~~~~~~~~~~
..\src\Parcial_laboratorio1.c:20:93: note: (near initialization for 'clientes[0].idLocalidad')
..\src\Parcial_laboratorio1.c:21:72: warning: initialization of 'int' from 'char *' makes integer from pointer without a cast [-Wint-conversion]
   21 |            {2, "Forever 21", "27-31546987-8", {"Av Avellaneda" , 123}, "Villa Soldati", OCUPADO},
      |                                                                        ^~~~~~~~~~~~~~~
..\src\Parcial_laboratorio1.c:21:72: note: (near initialization for 'clientes[1].idLocalidad')
..\src\Parcial_laboratorio1.c:22:67: warning: initialization of 'int' from 'char *' makes integer from pointer without a cast [-Wint-conversion]
   22 |            {3, "Pepsi", "30-45987621-3", {"Emilio Mitre"  , 654}, "Floresta", OCUPADO},
      |                                                                   ^~~~~~~~~~
..\src\Parcial_laboratorio1.c:22:67: note: (near initialization for 'clientes[2].idLocalidad')
..\src\Parcial_laboratorio1.c:23:72: warning: initialization of 'int' from 'char *' makes integer from pointer without a cast [-Wint-conversion]
   23 |            {4, "Mala mia", "31-36926395-5", {"Agustin de Vedia", 789}, "Boedo", OCUPADO},
      |                                                                        ^~~~~~~
..\src\Parcial_laboratorio1.c:23:72: note: (near initialization for 'clientes[3].idLocalidad')
..\src\Parcial_laboratorio1.c:24:65: warning: initialization of 'int' from 'char *' makes integer from pointer without a cast [-Wint-conversion]
   24 |            {5, "Jumbo" , "32-12457214-4", {"Av Cordoba" ,1234}, "Flores", OCUPADO}};
      |                                                                 ^~~~~~~~
..\src\Parcial_laboratorio1.c:24:65: note: (near initialization for 'clientes[4].idLocalidad')
gcc -o Parcial_laboratorio1.exe "src\\Clientes.o" "src\\Informes.o" "src\\Parcial_laboratorio1.o" "src\\Pedidos.o" "src\\localidad.o" "src\\utn.o" 
Info: Nothing to build for Parcial_laboratorio1
14:28:25 **** Incremental Build of configuration Debug for project Parcial_laboratorio1 ****
Info: Internal Builder is used for build
gcc -O0 -g3 -Wall -c -fmessage-length=0 -o "src\\Parcial_laboratorio1.o" "..\\src\\Parcial_laboratorio1.c" 
..\src\Parcial_laboratorio1.c: In function 'main':
..\src\Parcial_laboratorio1.c:20:93: warning: initialization of 'int' from 'char *' makes integer from pointer without a cast [-Wint-conversion]
   20 |  eClientes clientes[CANT_CLIENTES] = {{1, "Zara", "26-12458796-4", {"Mariano Acosta", 236}, "Parque Chacabuco", OCUPADO},
      |                                                                                             ^~~~~~~~~~~~~~~~~~
..\src\Parcial_laboratorio1.c:20:93: note: (near initialization for 'clientes[0].idLocalidad')
..\src\Parcial_laboratorio1.c:21:72: warning: initialization of 'int' from 'char *' makes integer from pointer without a cast [-Wint-conversion]
   21 |            {2, "Forever 21", "27-31546987-8", {"Av Avellaneda" , 123}, "Villa Soldati", OCUPADO},
      |                                                                        ^~~~~~~~~~~~~~~
..\src\Parcial_laboratorio1.c:21:72: note: (near initialization for 'clientes[1].idLocalidad')
..\src\Parcial_laboratorio1.c:22:67: warning: initialization of 'int' from 'char *' makes integer from pointer without a cast [-Wint-conversion]
   22 |            {3, "Pepsi", "30-45987621-3", {"Emilio Mitre"  , 654}, "Floresta", OCUPADO},
      |                                                                   ^~~~~~~~~~
..\src\Parcial_laboratorio1.c:22:67: note: (near initialization for 'clientes[2].idLocalidad')
..\src\Parcial_laboratorio1.c:23:72: warning: initialization of 'int' from 'char *' makes integer from pointer without a cast [-Wint-conversion]
   23 |            {4, "Mala mia", "31-36926395-5", {"Agustin de Vedia", 789}, "Boedo", OCUPADO},
      |                                                                        ^~~~~~~
..\src\Parcial_laboratorio1.c:23:72: note: (near initialization for 'clientes[3].idLocalidad')
..\src\Parcial_laboratorio1.c:24:65: warning: initialization of 'int' from 'char *' makes integer from pointer without a cast [-Wint-conversion]
   24 |            {5, "Jumbo" , "32-12457214-4", {"Av Cordoba" ,1234}, "Flores", OCUPADO}};
      |                                                                 ^~~~~~~~
..\src\Parcial_laboratorio1.c:24:65: note: (near initialization for 'clientes[4].idLocalidad')
gcc -o Parcial_laboratorio1.exe "src\\Clientes.o" "src\\Informes.o" "src\\Parcial_laboratorio1.o" "src\\Pedidos.o" "src\\localidad.o" "src\\utn.o" 
14:29:01 **** Incremental Build of configuration Debug for project Parcial_laboratorio1 ****
Info: Internal Builder is used for build
gcc -O0 -g3 -Wall -c -fmessage-length=0 -o "src\\Parcial_laboratorio1.o" "..\\src\\Parcial_laboratorio1.c" 
gcc -o Parcial_laboratorio1.exe "src\\Clientes.o" "src\\Informes.o" "src\\Parcial_laboratorio1.o" "src\\Pedidos.o" "src\\localidad.o" "src\\utn.o" 
Info: Nothing to build for Parcial_laboratorio1
Info: Nothing to build for Parcial_laboratorio1
14:44:48 **** Incremental Build of configuration Debug for project Parcial_laboratorio1 ****
Info: Internal Builder is used for build
gcc -O0 -g3 -Wall -c -fmessage-length=0 -o "src\\Parcial_laboratorio1.o" "..\\src\\Parcial_laboratorio1.c" 
gcc -O0 -g3 -Wall -c -fmessage-length=0 -o "src\\Pedidos.o" "..\\src\\Pedidos.c" 
gcc -O0 -g3 -Wall -c -fmessage-length=0 -o "src\\Informes.o" "..\\src\\Informes.c" 
gcc -O0 -g3 -Wall -c -fmessage-length=0 -o "src\\Clientes.o" "..\\src\\Clientes.c" 
gcc -o Parcial_laboratorio1.exe "src\\Clientes.o" "src\\Informes.o" "src\\Parcial_laboratorio1.o" "src\\Pedidos.o" "src\\localidad.o" "src\\utn.o" 
14:52:10 **** Incremental Build of configuration Debug for project Parcial_laboratorio1 ****
Info: Internal Builder is used for build
gcc -O0 -g3 -Wall -c -fmessage-length=0 -o "src\\Informes.o" "..\\src\\Informes.c" 
gcc -O0 -g3 -Wall -c -fmessage-length=0 -o "src\\Parcial_laboratorio1.o" "..\\src\\Parcial_laboratorio1.c" 
gcc -o Parcial_laboratorio1.exe "src\\Clientes.o" "src\\Informes.o" "src\\Parcial_laboratorio1.o" "src\\Pedidos.o" "src\\localidad.o" "src\\utn.o" 
15:36:32 **** Incremental Build of configuration Debug for project Parcial_laboratorio1 ****
Info: Internal Builder is used for build
gcc -O0 -g3 -Wall -c -fmessage-length=0 -o "src\\Informes.o" "..\\src\\Informes.c" 
gcc -o Parcial_laboratorio1.exe "src\\Clientes.o" "src\\Informes.o" "src\\Parcial_laboratorio1.o" "src\\Pedidos.o" "src\\localidad.o" "src\\utn.o" 
15:39:36 **** Incremental Build of configuration Debug for project Parcial_laboratorio1 ****
Info: Internal Builder is used for build
gcc -O0 -g3 -Wall -c -fmessage-length=0 -o "src\\Informes.o" "..\\src\\Informes.c" 
gcc -o Parcial_laboratorio1.exe "src\\Clientes.o" "src\\Informes.o" "src\\Parcial_laboratorio1.o" "src\\Pedidos.o" "src\\localidad.o" "src\\utn.o" 
15:40:24 **** Incremental Build of configuration Debug for project Parcial_laboratorio1 ****
Info: Internal Builder is used for build
gcc -O0 -g3 -Wall -c -fmessage-length=0 -o "src\\Informes.o" "..\\src\\Informes.c" 
gcc -o Parcial_laboratorio1.exe "src\\Clientes.o" "src\\Informes.o" "src\\Parcial_laboratorio1.o" "src\\Pedidos.o" "src\\localidad.o" "src\\utn.o" 
15:41:24 **** Incremental Build of configuration Debug for project Parcial_laboratorio1 ****
Info: Internal Builder is used for build
gcc -O0 -g3 -Wall -c -fmessage-length=0 -o "src\\Informes.o" "..\\src\\Informes.c" 
gcc -o Parcial_laboratorio1.exe "src\\Clientes.o" "src\\Informes.o" "src\\Parcial_laboratorio1.o" "src\\Pedidos.o" "src\\localidad.o" "src\\utn.o" 
15:42:55 **** Incremental Build of configuration Debug for project Parcial_laboratorio1 ****
Info: Internal Builder is used for build
gcc -O0 -g3 -Wall -c -fmessage-length=0 -o "src\\Parcial_laboratorio1.o" "..\\src\\Parcial_laboratorio1.c" 
gcc -o Parcial_laboratorio1.exe "src\\Clientes.o" "src\\Informes.o" "src\\Parcial_laboratorio1.o" "src\\Pedidos.o" "src\\localidad.o" "src\\utn.o" 
16:48:14 **** Incremental Build of configuration Debug for project Parcial_laboratorio1 ****
Info: Internal Builder is used for build
gcc -O0 -g3 -Wall -c -fmessage-length=0 -o "src\\localidad.o" "..\\src\\localidad.c" 
gcc -O0 -g3 -Wall -c -fmessage-length=0 -o "src\\Informes.o" "..\\src\\Informes.c" 
..\src\Informes.c:199:147: error: unknown type name 'tam_localidades'
  199 | int CantidadPedidosPendientesPorLocalidad (ePedidos pedidos[], int tam_pedidos, eClientes clientes[], int tam_clientes, eLocalidad localidades[], tam_localidades)
      |                                                                                                                                                   ^~~~~~~~~~~~~~~
16:48:54 **** Incremental Build of configuration Debug for project Parcial_laboratorio1 ****
Info: Internal Builder is used for build
gcc -O0 -g3 -Wall -c -fmessage-length=0 -o "src\\Informes.o" "..\\src\\Informes.c" 
..\src\Informes.c: In function 'CantidadPedidosPendientesPorLocalidad':
..\src\Informes.c:229:36: warning: format '%s' expects argument of type 'char *', but argument 2 has type 'int' [-Wformat=]
  229 |           printf("\nLa Localidad: %s tiene %d pedidos pendientes\n", auxLocalidad, contador);
      |                                   ~^                                 ~~~~~~~~~~~~
      |                                    |                                 |
      |                                    char *                            int
      |                                   %d
gcc -O0 -g3 -Wall -c -fmessage-length=0 -o "src\\Parcial_laboratorio1.o" "..\\src\\Parcial_laboratorio1.c" 
gcc -o Parcial_laboratorio1.exe "src\\Clientes.o" "src\\Informes.o" "src\\Parcial_laboratorio1.o" "src\\Pedidos.o" "src\\localidad.o" "src\\utn.o" 
16:50:16 **** Incremental Build of configuration Debug for project Parcial_laboratorio1 ****
Info: Internal Builder is used for build
gcc -O0 -g3 -Wall -c -fmessage-length=0 -o "src\\Informes.o" "..\\src\\Informes.c" 
gcc -o Parcial_laboratorio1.exe "src\\Clientes.o" "src\\Informes.o" "src\\Parcial_laboratorio1.o" "src\\Pedidos.o" "src\\localidad.o" "src\\utn.o" 
16:52:22 **** Incremental Build of configuration Debug for project Parcial_laboratorio1 ****
Info: Internal Builder is used for build
gcc -O0 -g3 -Wall -c -fmessage-length=0 -o "src\\Informes.o" "..\\src\\Informes.c" 
gcc -o Parcial_laboratorio1.exe "src\\Clientes.o" "src\\Informes.o" "src\\Parcial_laboratorio1.o" "src\\Pedidos.o" "src\\localidad.o" "src\\utn.o" 
17:23:30 **** Incremental Build of configuration Debug for project Parcial_laboratorio1 ****
Info: Internal Builder is used for build
gcc -O0 -g3 -Wall -c -fmessage-length=0 -o "src\\Informes.o" "..\\src\\Informes.c" 
gcc -o Parcial_laboratorio1.exe "src\\Clientes.o" "src\\Informes.o" "src\\Parcial_laboratorio1.o" "src\\Pedidos.o" "src\\localidad.o" "src\\utn.o" 
18:51:36 **** Incremental Build of configuration Debug for project Parcial_laboratorio1 ****
Info: Internal Builder is used for build
gcc -O0 -g3 -Wall -c -fmessage-length=0 -o "src\\Pedidos.o" "..\\src\\Pedidos.c" 
gcc -O0 -g3 -Wall -c -fmessage-length=0 -o "src\\Parcial_laboratorio1.o" "..\\src\\Parcial_laboratorio1.c" 
gcc -O0 -g3 -Wall -c -fmessage-length=0 -o "src\\Informes.o" "..\\src\\Informes.c" 
..\src\Informes.c: In function 'CantidadPedidosPendientesPorLocalidad':
..\src\Informes.c:205:6: warning: unused variable 'k' [-Wunused-variable]
  205 |  int k;
      |      ^
..\src\Informes.c:204:6: warning: unused variable 'j' [-Wunused-variable]
  204 |  int j;
      |      ^
..\src\Informes.c:203:6: warning: unused variable 'i' [-Wunused-variable]
  203 |  int i;
      |      ^
gcc -O0 -g3 -Wall -c -fmessage-length=0 -o "src\\utn.o" "..\\src\\utn.c" 
gcc -O0 -g3 -Wall -c -fmessage-length=0 -o "src\\localidad.o" "..\\src\\localidad.c" 
gcc -O0 -g3 -Wall -c -fmessage-length=0 -o "src\\Clientes.o" "..\\src\\Clientes.c" 
gcc -o Parcial_laboratorio1.exe "src\\Clientes.o" "src\\Informes.o" "src\\Parcial_laboratorio1.o" "src\\Pedidos.o" "src\\localidad.o" "src\\utn.o" 
18:54:14 **** Incremental Build of configuration Debug for project Parcial_laboratorio1 ****
Info: Internal Builder is used for build
gcc -O0 -g3 -Wall -c -fmessage-length=0 -o "src\\Informes.o" "..\\src\\Informes.c" 
..\src\Informes.c:308:5: error: conflicting types for 'ObtenerClienteConMasPedidosPendientes'
  308 | int ObtenerClienteConMasPedidosPendientes(eClientes clientes[], int tam_clientes, ePedidos pedidos[], int tam_pedidos)
      |     ^~~~~~~~~~~~~~~~~~~~~~~~~~~~~~~~~~~~~
In file included from ..\src\Informes.c:2:
..\src\Informes.h:134:5: note: previous declaration of 'ObtenerClienteConMasPedidosPendientes' was here
  134 | int ObtenerClienteConMasPedidosPendientes(eClientes clientes[], int tam_clientes, ePedidos pedidos[], int tam_pedidos, eLocalidad localidades[], int tam_localidades);
      |     ^~~~~~~~~~~~~~~~~~~~~~~~~~~~~~~~~~~~~
18:54:33 **** Incremental Build of configuration Debug for project Parcial_laboratorio1 ****
Info: Internal Builder is used for build
gcc -O0 -g3 -Wall -c -fmessage-length=0 -o "src\\Informes.o" "..\\src\\Informes.c" 
gcc -O0 -g3 -Wall -c -fmessage-length=0 -o "src\\Parcial_laboratorio1.o" "..\\src\\Parcial_laboratorio1.c" 
..\src\Parcial_laboratorio1.c: In function 'main':
..\src\Parcial_laboratorio1.c:156:43: warning: passing argument 1 of 'ObtenerClienteConMasPedidosPendientes' from incompatible pointer type [-Wincompatible-pointer-types]
  156 |     ObtenerClienteConMasPedidosPendientes(pedidos, CANT_PEDIDOS,clientes, CANT_CLIENTES);
      |                                           ^~~~~~~
      |                                           |
      |                                           ePedidos * {aka struct <anonymous> *}
In file included from ..\src\Parcial_laboratorio1.c:11:
..\src\Informes.h:134:53: note: expected 'eClientes *' {aka 'struct <anonymous> *'} but argument is of type 'ePedidos *' {aka 'struct <anonymous> *'}
  134 | int ObtenerClienteConMasPedidosPendientes(eClientes clientes[], int tam_clientes, ePedidos pedidos[], int tam_pedidos);
      |                                           ~~~~~~~~~~^~~~~~~~~~
..\src\Parcial_laboratorio1.c:156:65: warning: passing argument 3 of 'ObtenerClienteConMasPedidosPendientes' from incompatible pointer type [-Wincompatible-pointer-types]
  156 |     ObtenerClienteConMasPedidosPendientes(pedidos, CANT_PEDIDOS,clientes, CANT_CLIENTES);
      |                                                                 ^~~~~~~~
      |                                                                 |
      |                                                                 eClientes * {aka struct <anonymous> *}
In file included from ..\src\Parcial_laboratorio1.c:11:
..\src\Informes.h:134:92: note: expected 'ePedidos *' {aka 'struct <anonymous> *'} but argument is of type 'eClientes *' {aka 'struct <anonymous> *'}
  134 | int ObtenerClienteConMasPedidosPendientes(eClientes clientes[], int tam_clientes, ePedidos pedidos[], int tam_pedidos);
      |                                                                                   ~~~~~~~~~^~~~~~~~~
gcc -o Parcial_laboratorio1.exe "src\\Clientes.o" "src\\Informes.o" "src\\Parcial_laboratorio1.o" "src\\Pedidos.o" "src\\localidad.o" "src\\utn.o" 
18:55:07 **** Incremental Build of configuration Debug for project Parcial_laboratorio1 ****
Info: Internal Builder is used for build
gcc -O0 -g3 -Wall -c -fmessage-length=0 -o "src\\Parcial_laboratorio1.o" "..\\src\\Parcial_laboratorio1.c" 
gcc -o Parcial_laboratorio1.exe "src\\Clientes.o" "src\\Informes.o" "src\\Parcial_laboratorio1.o" "src\\Pedidos.o" "src\\localidad.o" "src\\utn.o" 
Info: Nothing to build for Parcial_laboratorio1
18:56:42 **** Incremental Build of configuration Debug for project Parcial_laboratorio1 ****
Info: Internal Builder is used for build
gcc -O0 -g3 -Wall -c -fmessage-length=0 -o "src\\Parcial_laboratorio1.o" "..\\src\\Parcial_laboratorio1.c" 
gcc -o Parcial_laboratorio1.exe "src\\Clientes.o" "src\\Informes.o" "src\\Parcial_laboratorio1.o" "src\\Pedidos.o" "src\\localidad.o" "src\\utn.o" 
19:00:20 **** Incremental Build of configuration Debug for project Parcial_laboratorio1 ****
Info: Internal Builder is used for build
gcc -O0 -g3 -Wall -c -fmessage-length=0 -o "src\\Informes.o" "..\\src\\Informes.c" 
gcc -o Parcial_laboratorio1.exe "src\\Clientes.o" "src\\Informes.o" "src\\Parcial_laboratorio1.o" "src\\Pedidos.o" "src\\localidad.o" "src\\utn.o" 
21:43:52 **** Incremental Build of configuration Debug for project Parcial_laboratorio1 ****
Info: Internal Builder is used for build
gcc -O0 -g3 -Wall -c -fmessage-length=0 -o "src\\Informes.o" "..\\src\\Informes.c" 
gcc -O0 -g3 -Wall -c -fmessage-length=0 -o "src\\Parcial_laboratorio1.o" "..\\src\\Parcial_laboratorio1.c" 
gcc -o Parcial_laboratorio1.exe "src\\Clientes.o" "src\\Informes.o" "src\\Parcial_laboratorio1.o" "src\\Pedidos.o" "src\\localidad.o" "src\\utn.o" 
Info: Nothing to build for Parcial_laboratorio1
21:44:56 **** Incremental Build of configuration Debug for project Parcial_laboratorio1 ****
Info: Internal Builder is used for build
gcc -O0 -g3 -Wall -c -fmessage-length=0 -o "src\\Informes.o" "..\\src\\Informes.c" 
gcc -o Parcial_laboratorio1.exe "src\\Clientes.o" "src\\Informes.o" "src\\Parcial_laboratorio1.o" "src\\Pedidos.o" "src\\localidad.o" "src\\utn.o" 
21:48:00 **** Incremental Build of configuration Debug for project Parcial_laboratorio1 ****
Info: Internal Builder is used for build
gcc -O0 -g3 -Wall -c -fmessage-length=0 -o "src\\Informes.o" "..\\src\\Informes.c" 
gcc -o Parcial_laboratorio1.exe "src\\Clientes.o" "src\\Informes.o" "src\\Parcial_laboratorio1.o" "src\\Pedidos.o" "src\\localidad.o" "src\\utn.o" 
21:53:55 **** Incremental Build of configuration Debug for project Parcial_laboratorio1 ****
Info: Internal Builder is used for build
gcc -O0 -g3 -Wall -c -fmessage-length=0 -o "src\\Informes.o" "..\\src\\Informes.c" 
gcc -O0 -g3 -Wall -c -fmessage-length=0 -o "src\\Parcial_laboratorio1.o" "..\\src\\Parcial_laboratorio1.c" 
gcc -o Parcial_laboratorio1.exe "src\\Clientes.o" "src\\Informes.o" "src\\Parcial_laboratorio1.o" "src\\Pedidos.o" "src\\localidad.o" "src\\utn.o" 
21:56:10 **** Incremental Build of configuration Debug for project Parcial_laboratorio1 ****
Info: Internal Builder is used for build
gcc -O0 -g3 -Wall -c -fmessage-length=0 -o "src\\Informes.o" "..\\src\\Informes.c" 
gcc -o Parcial_laboratorio1.exe "src\\Clientes.o" "src\\Informes.o" "src\\Parcial_laboratorio1.o" "src\\Pedidos.o" "src\\localidad.o" "src\\utn.o" 
21:58:53 **** Incremental Build of configuration Debug for project Parcial_laboratorio1 ****
Info: Internal Builder is used for build
gcc -O0 -g3 -Wall -c -fmessage-length=0 -o "src\\Informes.o" "..\\src\\Informes.c" 
..\src\Informes.c: In function 'ListadoDeClientesContandoSusPedidosPendientes':
..\src\Informes.c:12:4: warning: implicit declaration of function 'ContadorDePedidosPendientePorCliente'; did you mean 'ContarPedidosPendientesPorCliente'? [-Wimplicit-function-declaration]
   12 |    ContadorDePedidosPendientePorCliente(pedidos, tam_pedidos, pedidosPendientes, tam_clientes) == 0)
      |    ^~~~~~~~~~~~~~~~~~~~~~~~~~~~~~~~~~~~
      |    ContarPedidosPendientesPorCliente
..\src\Informes.c: In function 'BuscarPedidosPendientesPorCliente':
..\src\Informes.c:32:8: warning: implicit declaration of function 'BuscarClientesConPedidosPendientes'; did you mean 'BuscarClienteConMasPedidosPendientes'? [-Wimplicit-function-declaration]
   32 |     if(BuscarClientesConPedidosPendientes(pedidos[j], pedidosPendientes, tam_pendientes)==0)
      |        ^~~~~~~~~~~~~~~~~~~~~~~~~~~~~~~~~~
      |        BuscarClienteConMasPedidosPendientes
gcc -O0 -g3 -Wall -c -fmessage-length=0 -o "src\\Parcial_laboratorio1.o" "..\\src\\Parcial_laboratorio1.c" 
gcc -o Parcial_laboratorio1.exe "src\\Clientes.o" "src\\Informes.o" "src\\Parcial_laboratorio1.o" "src\\Pedidos.o" "src\\localidad.o" "src\\utn.o" 
c:/mingw/bin/../lib/gcc/mingw32/9.2.0/../../../../mingw32/bin/ld.exe: src\Informes.o: in function `ListadoDeClientesContandoSusPedidosPendientes':
C:\Users\Elii\Desktop\Parcial_Laboratorio\Parcial_laboratorio1\Debug/../src/Informes.c:12: undefined reference to `ContadorDePedidosPendientePorCliente'
c:/mingw/bin/../lib/gcc/mingw32/9.2.0/../../../../mingw32/bin/ld.exe: src\Informes.o: in function `BuscarPedidosPendientesPorCliente':
C:\Users\Elii\Desktop\Parcial_Laboratorio\Parcial_laboratorio1\Debug/../src/Informes.c:32: undefined reference to `BuscarClientesConPedidosPendientes'
c:/mingw/bin/../lib/gcc/mingw32/9.2.0/../../../../mingw32/bin/ld.exe: src\Informes.o: in function `ObtenerClienteConMasPedidosPendientes':
C:\Users\Elii\Desktop\Parcial_Laboratorio\Parcial_laboratorio1\Debug/../src/Informes.c:328: undefined reference to `ContadorDePedidosPendientePorCliente'
collect2.exe: error: ld returned 1 exit status
21:59:31 **** Incremental Build of configuration Debug for project Parcial_laboratorio1 ****
Info: Internal Builder is used for build
gcc -O0 -g3 -Wall -c -fmessage-length=0 -o "src\\Informes.o" "..\\src\\Informes.c" 
..\src\Informes.c: In function 'ListadoDeClientesContandoSusPedidosPendientes':
..\src\Informes.c:12:4: warning: implicit declaration of function 'ContadorDePedidosPendientePorCliente'; did you mean 'ContarPedidosPendientesPorCliente'? [-Wimplicit-function-declaration]
   12 |    ContadorDePedidosPendientePorCliente(pedidos, tam_pedidos, pedidosPendientes, tam_clientes) == 0)
      |    ^~~~~~~~~~~~~~~~~~~~~~~~~~~~~~~~~~~~
      |    ContarPedidosPendientesPorCliente
gcc -o Parcial_laboratorio1.exe "src\\Clientes.o" "src\\Informes.o" "src\\Parcial_laboratorio1.o" "src\\Pedidos.o" "src\\localidad.o" "src\\utn.o" 
c:/mingw/bin/../lib/gcc/mingw32/9.2.0/../../../../mingw32/bin/ld.exe: src\Informes.o: in function `ListadoDeClientesContandoSusPedidosPendientes':
C:\Users\Elii\Desktop\Parcial_Laboratorio\Parcial_laboratorio1\Debug/../src/Informes.c:12: undefined reference to `ContadorDePedidosPendientePorCliente'
c:/mingw/bin/../lib/gcc/mingw32/9.2.0/../../../../mingw32/bin/ld.exe: src\Informes.o: in function `ObtenerClienteConMasPedidosPendientes':
C:\Users\Elii\Desktop\Parcial_Laboratorio\Parcial_laboratorio1\Debug/../src/Informes.c:328: undefined reference to `ContadorDePedidosPendientePorCliente'
collect2.exe: error: ld returned 1 exit status
21:59:59 **** Incremental Build of configuration Debug for project Parcial_laboratorio1 ****
Info: Internal Builder is used for build
gcc -O0 -g3 -Wall -c -fmessage-length=0 -o "src\\Informes.o" "..\\src\\Informes.c" 
..\src\Informes.c: In function 'ObtenerClienteConMasPedidosPendientes':
..\src\Informes.c:328:7: warning: implicit declaration of function 'ContadorDePedidosPendientePorCliente'; did you mean 'ContarPedidosPendientesPorCliente'? [-Wimplicit-function-declaration]
  328 |       ContadorDePedidosPendientePorCliente(pedidos, tam_pedidos, pedidosPendientes, tam_clientes) == 0)
      |       ^~~~~~~~~~~~~~~~~~~~~~~~~~~~~~~~~~~~
      |       ContarPedidosPendientesPorCliente
gcc -o Parcial_laboratorio1.exe "src\\Clientes.o" "src\\Informes.o" "src\\Parcial_laboratorio1.o" "src\\Pedidos.o" "src\\localidad.o" "src\\utn.o" 
c:/mingw/bin/../lib/gcc/mingw32/9.2.0/../../../../mingw32/bin/ld.exe: src\Informes.o: in function `ObtenerClienteConMasPedidosPendientes':
C:\Users\Elii\Desktop\Parcial_Laboratorio\Parcial_laboratorio1\Debug/../src/Informes.c:328: undefined reference to `ContadorDePedidosPendientePorCliente'
collect2.exe: error: ld returned 1 exit status
22:00:40 **** Incremental Build of configuration Debug for project Parcial_laboratorio1 ****
Info: Internal Builder is used for build
gcc -o Parcial_laboratorio1.exe "src\\Clientes.o" "src\\Informes.o" "src\\Parcial_laboratorio1.o" "src\\Pedidos.o" "src\\localidad.o" "src\\utn.o" 
c:/mingw/bin/../lib/gcc/mingw32/9.2.0/../../../../mingw32/bin/ld.exe: src\Informes.o: in function `ObtenerClienteConMasPedidosPendientes':
C:\Users\Elii\Desktop\Parcial_Laboratorio\Parcial_laboratorio1\Debug/../src/Informes.c:328: undefined reference to `ContadorDePedidosPendientePorCliente'
collect2.exe: error: ld returned 1 exit status
22:01:21 **** Incremental Build of configuration Debug for project Parcial_laboratorio1 ****
Info: Internal Builder is used for build
gcc -O0 -g3 -Wall -c -fmessage-length=0 -o "src\\Informes.o" "..\\src\\Informes.c" 
..\src\Informes.c: In function 'ObtenerClienteConMasPedidosPendientes':
..\src\Informes.c:328:41: error: incompatible type for argument 1 of 'ContarPedidosPendientesPorCliente'
  328 |       ContarPedidosPendientesPorCliente(pedidos, tam_pedidos, pedidosPendientes, tam_clientes) == 0)
      |                                         ^~~~~~~
      |                                         |
      |                                         ePedidos * {aka struct <anonymous> *}
..\src\Informes.c:42:48: note: expected 'ePedidos' {aka 'struct <anonymous>'} but argument is of type 'ePedidos *' {aka 'struct <anonymous> *'}
   42 | int ContarPedidosPendientesPorCliente(ePedidos pedidos, eAuxiliarContador pedidosPendientes[],  int tam_pendientes)
      |                                       ~~~~~~~~~^~~~~~~
..\src\Informes.c:328:50: warning: passing argument 2 of 'ContarPedidosPendientesPorCliente' makes pointer from integer without a cast [-Wint-conversion]
  328 |       ContarPedidosPendientesPorCliente(pedidos, tam_pedidos, pedidosPendientes, tam_clientes) == 0)
      |                                                  ^~~~~~~~~~~
      |                                                  |
      |                                                  int
..\src\Informes.c:42:75: note: expected 'eAuxiliarContador *' {aka 'struct <anonymous> *'} but argument is of type 'int'
   42 | int ContarPedidosPendientesPorCliente(ePedidos pedidos, eAuxiliarContador pedidosPendientes[],  int tam_pendientes)
      |                                                         ~~~~~~~~~~~~~~~~~~^~~~~~~~~~~~~~~~~~~
..\src\Informes.c:328:63: warning: passing argument 3 of 'ContarPedidosPendientesPorCliente' makes integer from pointer without a cast [-Wint-conversion]
  328 |       ContarPedidosPendientesPorCliente(pedidos, tam_pedidos, pedidosPendientes, tam_clientes) == 0)
      |                                                               ^~~~~~~~~~~~~~~~~
      |                                                               |
      |                                                               eAuxiliarContador * {aka struct <anonymous> *}
..\src\Informes.c:42:101: note: expected 'int' but argument is of type 'eAuxiliarContador *' {aka 'struct <anonymous> *'}
   42 | int ContarPedidosPendientesPorCliente(ePedidos pedidos, eAuxiliarContador pedidosPendientes[],  int tam_pendientes)
      |                                                                                                 ~~~~^~~~~~~~~~~~~~
..\src\Informes.c:328:7: error: too many arguments to function 'ContarPedidosPendientesPorCliente'
  328 |       ContarPedidosPendientesPorCliente(pedidos, tam_pedidos, pedidosPendientes, tam_clientes) == 0)
      |       ^~~~~~~~~~~~~~~~~~~~~~~~~~~~~~~~~
..\src\Informes.c:42:5: note: declared here
   42 | int ContarPedidosPendientesPorCliente(ePedidos pedidos, eAuxiliarContador pedidosPendientes[],  int tam_pendientes)
      |     ^~~~~~~~~~~~~~~~~~~~~~~~~~~~~~~~~
22:02:49 **** Incremental Build of configuration Debug for project Parcial_laboratorio1 ****
Info: Internal Builder is used for build
gcc -O0 -g3 -Wall -c -fmessage-length=0 -o "src\\Informes.o" "..\\src\\Informes.c" 
gcc -o Parcial_laboratorio1.exe "src\\Clientes.o" "src\\Informes.o" "src\\Parcial_laboratorio1.o" "src\\Pedidos.o" "src\\localidad.o" "src\\utn.o" 
Info: Nothing to build for Parcial_laboratorio1
22:12:48 **** Incremental Build of configuration Debug for project Parcial_laboratorio1 ****
Info: Internal Builder is used for build
gcc -O0 -g3 -Wall -c -fmessage-length=0 -o "src\\Informes.o" "..\\src\\Informes.c" 
..\src\Informes.c: In function 'MostrarListaDeClientesConSusPedidosPendientes':
..\src\Informes.c:81:6: warning: unused variable 'j' [-Wunused-variable]
   81 |  int j;
      |      ^
gcc -O0 -g3 -Wall -c -fmessage-length=0 -o "src\\Parcial_laboratorio1.o" "..\\src\\Parcial_laboratorio1.c" 
gcc -o Parcial_laboratorio1.exe "src\\Clientes.o" "src\\Informes.o" "src\\Parcial_laboratorio1.o" "src\\Pedidos.o" "src\\localidad.o" "src\\utn.o" 
22:12:59 **** Incremental Build of configuration Debug for project Parcial_laboratorio1 ****
Info: Internal Builder is used for build
gcc -O0 -g3 -Wall -c -fmessage-length=0 -o "src\\Informes.o" "..\\src\\Informes.c" 
gcc -o Parcial_laboratorio1.exe "src\\Clientes.o" "src\\Informes.o" "src\\Parcial_laboratorio1.o" "src\\Pedidos.o" "src\\localidad.o" "src\\utn.o" 
Info: Nothing to build for Parcial_laboratorio1
22:14:31 **** Incremental Build of configuration Debug for project Parcial_laboratorio1 ****
Info: Internal Builder is used for build
gcc -O0 -g3 -Wall -c -fmessage-length=0 -o "src\\Parcial_laboratorio1.o" "..\\src\\Parcial_laboratorio1.c" 
gcc -O0 -g3 -Wall -c -fmessage-length=0 -o "src\\Informes.o" "..\\src\\Informes.c" 
gcc -o Parcial_laboratorio1.exe "src\\Clientes.o" "src\\Informes.o" "src\\Parcial_laboratorio1.o" "src\\Pedidos.o" "src\\localidad.o" "src\\utn.o" 
22:15:43 **** Incremental Build of configuration Debug for project Parcial_laboratorio1 ****
Info: Internal Builder is used for build
gcc -O0 -g3 -Wall -c -fmessage-length=0 -o "src\\Informes.o" "..\\src\\Informes.c" 
..\src\Informes.c: In function 'BuscarLocalidadDelCliente':
..\src\Informes.c:105:5: error: void value not ignored as it ought to be
  105 |     MostrarClienteConSusPedidosPendientes(cliente, tam_pendientes, pedidosPendiente, localidades[j]))
      |     ^~~~~~~~~~~~~~~~~~~~~~~~~~~~~~~~~~~~~~~~~~~~~~~~~~~~~~~~~~~~~~~~~~~~~~~~~~~~~~~~~~~~~~~~~~~~~~~~
22:16:58 **** Incremental Build of configuration Debug for project Parcial_laboratorio1 ****
Info: Internal Builder is used for build
gcc -O0 -g3 -Wall -c -fmessage-length=0 -o "src\\Informes.o" "..\\src\\Informes.c" 
gcc -o Parcial_laboratorio1.exe "src\\Clientes.o" "src\\Informes.o" "src\\Parcial_laboratorio1.o" "src\\Pedidos.o" "src\\localidad.o" "src\\utn.o" 
22:17:48 **** Incremental Build of configuration Debug for project Parcial_laboratorio1 ****
Info: Internal Builder is used for build
gcc -O0 -g3 -Wall -c -fmessage-length=0 -o "src\\Informes.o" "..\\src\\Informes.c" 
gcc -o Parcial_laboratorio1.exe "src\\Clientes.o" "src\\Informes.o" "src\\Parcial_laboratorio1.o" "src\\Pedidos.o" "src\\localidad.o" "src\\utn.o" 
22:20:12 **** Incremental Build of configuration Debug for project Parcial_laboratorio1 ****
Info: Internal Builder is used for build
gcc -O0 -g3 -Wall -c -fmessage-length=0 -o "src\\Informes.o" "..\\src\\Informes.c" 
gcc -o Parcial_laboratorio1.exe "src\\Clientes.o" "src\\Informes.o" "src\\Parcial_laboratorio1.o" "src\\Pedidos.o" "src\\localidad.o" "src\\utn.o" 
22:30:33 **** Incremental Build of configuration Debug for project Parcial_laboratorio1 ****
Info: Internal Builder is used for build
gcc -O0 -g3 -Wall -c -fmessage-length=0 -o "src\\Informes.o" "..\\src\\Informes.c" 
gcc -O0 -g3 -Wall -c -fmessage-length=0 -o "src\\Parcial_laboratorio1.o" "..\\src\\Parcial_laboratorio1.c" 
gcc -o Parcial_laboratorio1.exe "src\\Clientes.o" "src\\Informes.o" "src\\Parcial_laboratorio1.o" "src\\Pedidos.o" "src\\localidad.o" "src\\utn.o" 
Info: Nothing to build for Parcial_laboratorio1
22:35:04 **** Incremental Build of configuration Debug for project Parcial_laboratorio1 ****
Info: Internal Builder is used for build
gcc -O0 -g3 -Wall -c -fmessage-length=0 -o "src\\localidad.o" "..\\src\\localidad.c" 
gcc -O0 -g3 -Wall -c -fmessage-length=0 -o "src\\Parcial_laboratorio1.o" "..\\src\\Parcial_laboratorio1.c" 
gcc -O0 -g3 -Wall -c -fmessage-length=0 -o "src\\Informes.o" "..\\src\\Informes.c" 
gcc -o Parcial_laboratorio1.exe "src\\Clientes.o" "src\\Informes.o" "src\\Parcial_laboratorio1.o" "src\\Pedidos.o" "src\\localidad.o" "src\\utn.o" 
23:46:08 **** Incremental Build of configuration Debug for project Parcial_laboratorio1 ****
Info: Internal Builder is used for build
gcc -O0 -g3 -Wall -c -fmessage-length=0 -o "src\\Informes.o" "..\\src\\Informes.c" 
..\src\Informes.c: In function 'ObtenerClienteConMasPedidosPendientes':
..\src\Informes.c:352:84: warning: passing argument 4 of 'BuscarClienteConMasPedidosPendientes' makes pointer from integer without a cast [-Wint-conversion]
  352 |    BuscarClienteConMasPedidosPendientes(pedidosPendientes, tam_clientes, clientes, cantidadPedidosPendientes, localidades, tam_localidades);
      |                                                                                    ^~~~~~~~~~~~~~~~~~~~~~~~~
      |                                                                                    |
      |                                                                                    int
In file included from ..\src\Informes.c:2:
..\src\Informes.h:131:130: note: expected 'eLocalidad *' {aka 'struct <anonymous> *'} but argument is of type 'int'
  131 | int BuscarClienteConMasPedidosPendientes(eAuxiliarContador pedidoPendiente[], int tam_clientes, eClientes clientes[], eLocalidad localidades[], int tam_localidades, int cantidad);
      |                                                                                                                       ~~~~~~~~~~~^~~~~~~~~~~~~
..\src\Informes.c:352:111: warning: passing argument 5 of 'BuscarClienteConMasPedidosPendientes' makes integer from pointer without a cast [-Wint-conversion]
  352 |    BuscarClienteConMasPedidosPendientes(pedidosPendientes, tam_clientes, clientes, cantidadPedidosPendientes, localidades, tam_localidades);
      |                                                                                                               ^~~~~~~~~~~
      |                                                                                                               |
      |                                                                                                               eLocalidad * {aka struct <anonymous> *}
In file included from ..\src\Informes.c:2:
..\src\Informes.h:131:149: note: expected 'int' but argument is of type 'eLocalidad *' {aka 'struct <anonymous> *'}
  131 | int BuscarClienteConMasPedidosPendientes(eAuxiliarContador pedidoPendiente[], int tam_clientes, eClientes clientes[], eLocalidad localidades[], int tam_localidades, int cantidad);
      |                                                                                                                                                 ~~~~^~~~~~~~~~~~~~~
..\src\Informes.c: In function 'BuscarClienteConMasPedidosPendientes':
..\src\Informes.c:369:5: error: too few arguments to function 'MostrarClienteConMasPedidosPendientes'
  369 |     MostrarClienteConMasPedidosPendientes(clientes[i], pedidoPendiente, tam_clientes, localidades, tam_localidades);
      |     ^~~~~~~~~~~~~~~~~~~~~~~~~~~~~~~~~~~~~
In file included from ..\src\Informes.c:2:
..\src\Informes.h:133:5: note: declared here
  133 | int MostrarClienteConMasPedidosPendientes(eClientes cliente, eAuxiliarContador pedidoPendiente[], int tam_pendientes, eLocalidad localidades[], int tam_localidades, int cantidad);
      |     ^~~~~~~~~~~~~~~~~~~~~~~~~~~~~~~~~~~~~
23:46:30 **** Incremental Build of configuration Debug for project Parcial_laboratorio1 ****
Info: Internal Builder is used for build
gcc -O0 -g3 -Wall -c -fmessage-length=0 -o "src\\Informes.o" "..\\src\\Informes.c" 
..\src\Informes.c: In function 'ObtenerClienteConMasPedidosPendientes':
..\src\Informes.c:352:84: warning: passing argument 4 of 'BuscarClienteConMasPedidosPendientes' makes pointer from integer without a cast [-Wint-conversion]
  352 |    BuscarClienteConMasPedidosPendientes(pedidosPendientes, tam_clientes, clientes, cantidadPedidosPendientes, localidades, tam_localidades);
      |                                                                                    ^~~~~~~~~~~~~~~~~~~~~~~~~
      |                                                                                    |
      |                                                                                    int
In file included from ..\src\Informes.c:2:
..\src\Informes.h:131:130: note: expected 'eLocalidad *' {aka 'struct <anonymous> *'} but argument is of type 'int'
  131 | int BuscarClienteConMasPedidosPendientes(eAuxiliarContador pedidoPendiente[], int tam_clientes, eClientes clientes[], eLocalidad localidades[], int tam_localidades, int cantidad);
      |                                                                                                                       ~~~~~~~~~~~^~~~~~~~~~~~~
..\src\Informes.c:352:111: warning: passing argument 5 of 'BuscarClienteConMasPedidosPendientes' makes integer from pointer without a cast [-Wint-conversion]
  352 |    BuscarClienteConMasPedidosPendientes(pedidosPendientes, tam_clientes, clientes, cantidadPedidosPendientes, localidades, tam_localidades);
      |                                                                                                               ^~~~~~~~~~~
      |                                                                                                               |
      |                                                                                                               eLocalidad * {aka struct <anonymous> *}
In file included from ..\src\Informes.c:2:
..\src\Informes.h:131:149: note: expected 'int' but argument is of type 'eLocalidad *' {aka 'struct <anonymous> *'}
  131 | int BuscarClienteConMasPedidosPendientes(eAuxiliarContador pedidoPendiente[], int tam_clientes, eClientes clientes[], eLocalidad localidades[], int tam_localidades, int cantidad);
      |                                                                                                                                                 ~~~~^~~~~~~~~~~~~~~
gcc -O0 -g3 -Wall -c -fmessage-length=0 -o "src\\Parcial_laboratorio1.o" "..\\src\\Parcial_laboratorio1.c" 
..\src\Parcial_laboratorio1.c: In function 'main':
..\src\Parcial_laboratorio1.c:156:5: error: too few arguments to function 'ObtenerClienteConMasPedidosPendientes'
  156 |     ObtenerClienteConMasPedidosPendientes(clientes, CANT_CLIENTES, pedidos, CANT_PEDIDOS);
      |     ^~~~~~~~~~~~~~~~~~~~~~~~~~~~~~~~~~~~~
In file included from ..\src\Parcial_laboratorio1.c:11:
..\src\Informes.h:129:5: note: declared here
  129 | int ObtenerClienteConMasPedidosPendientes(eClientes clientes[], int tam_clientes, ePedidos pedidos[], int tam_pedidos, eLocalidad localidades[], int tam_localidades);
      |     ^~~~~~~~~~~~~~~~~~~~~~~~~~~~~~~~~~~~~
23:47:18 **** Incremental Build of configuration Debug for project Parcial_laboratorio1 ****
Info: Internal Builder is used for build
gcc -O0 -g3 -Wall -c -fmessage-length=0 -o "src\\Parcial_laboratorio1.o" "..\\src\\Parcial_laboratorio1.c" 
gcc -o Parcial_laboratorio1.exe "src\\Clientes.o" "src\\Informes.o" "src\\Parcial_laboratorio1.o" "src\\Pedidos.o" "src\\localidad.o" "src\\utn.o" 
Info: Nothing to build for Parcial_laboratorio1
23:48:33 **** Incremental Build of configuration Debug for project Parcial_laboratorio1 ****
Info: Internal Builder is used for build
gcc -O0 -g3 -Wall -c -fmessage-length=0 -o "src\\Informes.o" "..\\src\\Informes.c" 
gcc -o Parcial_laboratorio1.exe "src\\Clientes.o" "src\\Informes.o" "src\\Parcial_laboratorio1.o" "src\\Pedidos.o" "src\\localidad.o" "src\\utn.o" 
00:12:14 **** Incremental Build of configuration Debug for project Parcial_laboratorio1 ****
Info: Internal Builder is used for build
gcc -O0 -g3 -Wall -c -fmessage-length=0 -o "src\\Informes.o" "..\\src\\Informes.c" 
..\src\Informes.c: In function 'MostrarClienteConMasPedidosCompletados':
..\src\Informes.c:404:4: warning: implicit declaration of function 'BuscarPedidosCompletosPorCliente'; did you mean 'BuscarPedidosCompletadosPorCliente'? [-Wimplicit-function-declaration]
  404 |    BuscarPedidosCompletosPorCliente(pedidos, tam_pedidos, pedidosCompletos, tam_clientes) == 0)
      |    ^~~~~~~~~~~~~~~~~~~~~~~~~~~~~~~~
      |    BuscarPedidosCompletadosPorCliente
gcc -O0 -g3 -Wall -c -fmessage-length=0 -o "src\\Parcial_laboratorio1.o" "..\\src\\Parcial_laboratorio1.c" 
gcc -o Parcial_laboratorio1.exe "src\\Clientes.o" "src\\Informes.o" "src\\Parcial_laboratorio1.o" "src\\Pedidos.o" "src\\localidad.o" "src\\utn.o" 
c:/mingw/bin/../lib/gcc/mingw32/9.2.0/../../../../mingw32/bin/ld.exe: src\Informes.o: in function `MostrarClienteConMasPedidosCompletados':
C:\Users\Elii\Desktop\Parcial_Laboratorio\Parcial_laboratorio1\Debug/../src/Informes.c:404: undefined reference to `BuscarPedidosCompletosPorCliente'
collect2.exe: error: ld returned 1 exit status
00:12:59 **** Incremental Build of configuration Debug for project Parcial_laboratorio1 ****
Info: Internal Builder is used for build
gcc -O0 -g3 -Wall -c -fmessage-length=0 -o "src\\Informes.o" "..\\src\\Informes.c" 
gcc -o Parcial_laboratorio1.exe "src\\Clientes.o" "src\\Informes.o" "src\\Parcial_laboratorio1.o" "src\\Pedidos.o" "src\\localidad.o" "src\\utn.o" 
00:16:49 **** Incremental Build of configuration Debug for project Parcial_laboratorio1 ****
Info: Internal Builder is used for build
gcc -O0 -g3 -Wall -c -fmessage-length=0 -o "src\\Informes.o" "..\\src\\Informes.c" 
gcc -o Parcial_laboratorio1.exe "src\\Clientes.o" "src\\Informes.o" "src\\Parcial_laboratorio1.o" "src\\Pedidos.o" "src\\localidad.o" "src\\utn.o" 
00:18:19 **** Incremental Build of configuration Debug for project Parcial_laboratorio1 ****
Info: Internal Builder is used for build
gcc -O0 -g3 -Wall -c -fmessage-length=0 -o "src\\Informes.o" "..\\src\\Informes.c" 
gcc -o Parcial_laboratorio1.exe "src\\Clientes.o" "src\\Informes.o" "src\\Parcial_laboratorio1.o" "src\\Pedidos.o" "src\\localidad.o" "src\\utn.o" 
01:15:00 **** Incremental Build of configuration Debug for project Parcial_laboratorio1 ****
Info: Internal Builder is used for build
gcc -O0 -g3 -Wall -c -fmessage-length=0 -o "src\\Clientes.o" "..\\src\\Clientes.c" 
gcc -O0 -g3 -Wall -c -fmessage-length=0 -o "src\\Pedidos.o" "..\\src\\Pedidos.c" 
gcc -O0 -g3 -Wall -c -fmessage-length=0 -o "src\\Informes.o" "..\\src\\Informes.c" 
gcc -O0 -g3 -Wall -c -fmessage-length=0 -o "src\\localidad.o" "..\\src\\localidad.c" 
gcc -O0 -g3 -Wall -c -fmessage-length=0 -o "src\\Parcial_laboratorio1.o" "..\\src\\Parcial_laboratorio1.c" 
gcc -o Parcial_laboratorio1.exe "src\\Clientes.o" "src\\Informes.o" "src\\Parcial_laboratorio1.o" "src\\Pedidos.o" "src\\localidad.o" "src\\utn.o" 
01:15:28 **** Incremental Build of configuration Debug for project Parcial_laboratorio1 ****
Info: Internal Builder is used for build
gcc -O0 -g3 -Wall -c -fmessage-length=0 -o "src\\Informes.o" "..\\src\\Informes.c" 
gcc -o Parcial_laboratorio1.exe "src\\Clientes.o" "src\\Informes.o" "src\\Parcial_laboratorio1.o" "src\\Pedidos.o" "src\\localidad.o" "src\\utn.o" 
22:50:00 **** Incremental Build of configuration Debug for project Parcial_laboratorio1 ****
Info: Internal Builder is used for build
gcc -O0 -g3 -Wall -c -fmessage-length=0 -o "src\\Informes.o" "..\\src\\Informes.c" 
..\src\Informes.c: In function 'CantidadPedidosPendientesDeUnaLocalidad':
..\src\Informes.c:251:12: warning: implicit declaration of function 'BuscarLocalidadesPorId'; did you mean 'BuscarLocalidadPorId'? [-Wimplicit-function-declaration]
  251 |    index = BuscarLocalidadesPorId(localidades, tam_localidades, auxLocalidad);
      |            ^~~~~~~~~~~~~~~~~~~~~~
      |            BuscarLocalidadPorId
..\src\Informes.c:256:22: warning: format '%d' expects a matching 'int' argument [-Wformat=]
  256 |     printf("\ntiene %d pedidos pendientes.\n");
      |                     ~^
      |                      |
      |                      int
gcc -O0 -g3 -Wall -c -fmessage-length=0 -o "src\\Parcial_laboratorio1.o" "..\\src\\Parcial_laboratorio1.c" 
..\src\Parcial_laboratorio1.c: In function 'main':
..\src\Parcial_laboratorio1.c:142:8: warning: implicit declaration of function 'CantidadPedidosPendientesPorLocalidad'; did you mean 'CantidadPedidosPendientesDeUnaLocalidad'? [-Wimplicit-function-declaration]
  142 |     if(CantidadPedidosPendientesPorLocalidad (pedidos, CANT_PEDIDOS,clientes, CANT_CLIENTES, localidades, CANT_LOCALIDADES)==-1)
      |        ^~~~~~~~~~~~~~~~~~~~~~~~~~~~~~~~~~~~~
      |        CantidadPedidosPendientesDeUnaLocalidad
gcc -O0 -g3 -Wall -c -fmessage-length=0 -o "src\\Clientes.o" "..\\src\\Clientes.c" 
gcc -O0 -g3 -Wall -c -fmessage-length=0 -o "src\\localidad.o" "..\\src\\localidad.c" 
gcc -O0 -g3 -Wall -c -fmessage-length=0 -o "src\\Pedidos.o" "..\\src\\Pedidos.c" 
gcc -o Parcial_laboratorio1.exe "src\\Clientes.o" "src\\Informes.o" "src\\Parcial_laboratorio1.o" "src\\Pedidos.o" "src\\localidad.o" "src\\utn.o" 
c:/mingw/bin/../lib/gcc/mingw32/9.2.0/../../../../mingw32/bin/ld.exe: src\Informes.o: in function `CantidadPedidosPendientesDeUnaLocalidad':
C:\Users\Elii\Desktop\Parcial_Laboratorio\Parcial_laboratorio1\Debug/../src/Informes.c:251: undefined reference to `BuscarLocalidadesPorId'
c:/mingw/bin/../lib/gcc/mingw32/9.2.0/../../../../mingw32/bin/ld.exe: src\Parcial_laboratorio1.o: in function `main':
C:\Users\Elii\Desktop\Parcial_Laboratorio\Parcial_laboratorio1\Debug/../src/Parcial_laboratorio1.c:142: undefined reference to `CantidadPedidosPendientesPorLocalidad'
collect2.exe: error: ld returned 1 exit status
22:52:18 **** Incremental Build of configuration Debug for project Parcial_laboratorio1 ****
Info: Internal Builder is used for build
gcc -O0 -g3 -Wall -c -fmessage-length=0 -o "src\\Informes.o" "..\\src\\Informes.c" 
gcc -O0 -g3 -Wall -c -fmessage-length=0 -o "src\\Parcial_laboratorio1.o" "..\\src\\Parcial_laboratorio1.c" 
gcc -o Parcial_laboratorio1.exe "src\\Clientes.o" "src\\Informes.o" "src\\Parcial_laboratorio1.o" "src\\Pedidos.o" "src\\localidad.o" "src\\utn.o" 
Info: Nothing to build for Parcial_laboratorio1
22:56:22 **** Incremental Build of configuration Debug for project Parcial_laboratorio1 ****
Info: Internal Builder is used for build
gcc -O0 -g3 -Wall -c -fmessage-length=0 -o "src\\Informes.o" "..\\src\\Informes.c" 
gcc -O0 -g3 -Wall -c -fmessage-length=0 -o "src\\localidad.o" "..\\src\\localidad.c" 
gcc -o Parcial_laboratorio1.exe "src\\Clientes.o" "src\\Informes.o" "src\\Parcial_laboratorio1.o" "src\\Pedidos.o" "src\\localidad.o" "src\\utn.o" 
22:57:06 **** Incremental Build of configuration Debug for project Parcial_laboratorio1 ****
Info: Internal Builder is used for build
gcc -O0 -g3 -Wall -c -fmessage-length=0 -o "src\\localidad.o" "..\\src\\localidad.c" 
gcc -o Parcial_laboratorio1.exe "src\\Clientes.o" "src\\Informes.o" "src\\Parcial_laboratorio1.o" "src\\Pedidos.o" "src\\localidad.o" "src\\utn.o" 
23:00:09 **** Incremental Build of configuration Debug for project Parcial_laboratorio1 ****
Info: Internal Builder is used for build
gcc -O0 -g3 -Wall -c -fmessage-length=0 -o "src\\Informes.o" "..\\src\\Informes.c" 
gcc -o Parcial_laboratorio1.exe "src\\Clientes.o" "src\\Informes.o" "src\\Parcial_laboratorio1.o" "src\\Pedidos.o" "src\\localidad.o" "src\\utn.o" 
23:00:50 **** Incremental Build of configuration Debug for project Parcial_laboratorio1 ****
Info: Internal Builder is used for build
gcc -O0 -g3 -Wall -c -fmessage-length=0 -o "src\\Informes.o" "..\\src\\Informes.c" 
gcc -o Parcial_laboratorio1.exe "src\\Clientes.o" "src\\Informes.o" "src\\Parcial_laboratorio1.o" "src\\Pedidos.o" "src\\localidad.o" "src\\utn.o" 
23:02:49 **** Incremental Build of configuration Debug for project Parcial_laboratorio1 ****
Info: Internal Builder is used for build
gcc -O0 -g3 -Wall -c -fmessage-length=0 -o "src\\Informes.o" "..\\src\\Informes.c" 
gcc -o Parcial_laboratorio1.exe "src\\Clientes.o" "src\\Informes.o" "src\\Parcial_laboratorio1.o" "src\\Pedidos.o" "src\\localidad.o" "src\\utn.o" 
23:05:25 **** Incremental Build of configuration Debug for project Parcial_laboratorio1 ****
Info: Internal Builder is used for build
gcc -O0 -g3 -Wall -c -fmessage-length=0 -o "src\\Parcial_laboratorio1.o" "..\\src\\Parcial_laboratorio1.c" 
gcc -o Parcial_laboratorio1.exe "src\\Clientes.o" "src\\Informes.o" "src\\Parcial_laboratorio1.o" "src\\Pedidos.o" "src\\localidad.o" "src\\utn.o" 
23:07:38 **** Incremental Build of configuration Debug for project Parcial_laboratorio1 ****
Info: Internal Builder is used for build
gcc -O0 -g3 -Wall -c -fmessage-length=0 -o "src\\Informes.o" "..\\src\\Informes.c" 
gcc -o Parcial_laboratorio1.exe "src\\Clientes.o" "src\\Informes.o" "src\\Parcial_laboratorio1.o" "src\\Pedidos.o" "src\\localidad.o" "src\\utn.o" 
23:12:58 **** Incremental Build of configuration Debug for project Parcial_laboratorio1 ****
Info: Internal Builder is used for build
gcc -O0 -g3 -Wall -c -fmessage-length=0 -o "src\\Informes.o" "..\\src\\Informes.c" 
..\src\Informes.c: In function 'BuscarEnListaDeClientes':
..\src\Informes.c:252:5: error: expected expression before ')' token
  252 |  if()
      |     ^
..\src\Informes.c:254:16: error: 'j' undeclared (first use in this function)
  254 |   for(int j=0; j<tam_clientes;j++)
      |                ^
..\src\Informes.c:254:16: note: each undeclared identifier is reported only once for each function it appears in
23:13:53 **** Incremental Build of configuration Debug for project Parcial_laboratorio1 ****
Info: Internal Builder is used for build
gcc -O0 -g3 -Wall -c -fmessage-length=0 -o "src\\Informes.o" "..\\src\\Informes.c" 
gcc -O0 -g3 -Wall -c -fmessage-length=0 -o "src\\Parcial_laboratorio1.o" "..\\src\\Parcial_laboratorio1.c" 
gcc -o Parcial_laboratorio1.exe "src\\Clientes.o" "src\\Informes.o" "src\\Parcial_laboratorio1.o" "src\\Pedidos.o" "src\\localidad.o" "src\\utn.o" 
Info: Nothing to build for Parcial_laboratorio1
23:15:12 **** Incremental Build of configuration Debug for project Parcial_laboratorio1 ****
Info: Internal Builder is used for build
gcc -O0 -g3 -Wall -c -fmessage-length=0 -o "src\\Informes.o" "..\\src\\Informes.c" 
gcc -o Parcial_laboratorio1.exe "src\\Clientes.o" "src\\Informes.o" "src\\Parcial_laboratorio1.o" "src\\Pedidos.o" "src\\localidad.o" "src\\utn.o" 
23:34:47 **** Incremental Build of configuration Debug for project Parcial_laboratorio1 ****
Info: Internal Builder is used for build
gcc -O0 -g3 -Wall -c -fmessage-length=0 -o "src\\Parcial_laboratorio1.o" "..\\src\\Parcial_laboratorio1.c" 
gcc -O0 -g3 -Wall -c -fmessage-length=0 -o "src\\Informes.o" "..\\src\\Informes.c" 
gcc -o Parcial_laboratorio1.exe "src\\Clientes.o" "src\\Informes.o" "src\\Parcial_laboratorio1.o" "src\\Pedidos.o" "src\\localidad.o" "src\\utn.o" 
23:37:48 **** Incremental Build of configuration Debug for project Parcial_laboratorio1 ****
Info: Internal Builder is used for build
gcc -O0 -g3 -Wall -c -fmessage-length=0 -o "src\\Informes.o" "..\\src\\Informes.c" 
gcc -o Parcial_laboratorio1.exe "src\\Clientes.o" "src\\Informes.o" "src\\Parcial_laboratorio1.o" "src\\Pedidos.o" "src\\localidad.o" "src\\utn.o" 
23:39:47 **** Incremental Build of configuration Debug for project Parcial_laboratorio1 ****
Info: Internal Builder is used for build
gcc -O0 -g3 -Wall -c -fmessage-length=0 -o "src\\Informes.o" "..\\src\\Informes.c" 
gcc -o Parcial_laboratorio1.exe "src\\Clientes.o" "src\\Informes.o" "src\\Parcial_laboratorio1.o" "src\\Pedidos.o" "src\\localidad.o" "src\\utn.o" 
08:31:15 **** Incremental Build of configuration Debug for project Parcial_laboratorio1 ****
Info: Internal Builder is used for build
gcc -O0 -g3 -Wall -c -fmessage-length=0 -o "src\\Informes.o" "..\\src\\Informes.c" 
gcc -O0 -g3 -Wall -c -fmessage-length=0 -o "src\\Clientes.o" "..\\src\\Clientes.c" 
gcc -O0 -g3 -Wall -c -fmessage-length=0 -o "src\\Parcial_laboratorio1.o" "..\\src\\Parcial_laboratorio1.c" 
gcc -O0 -g3 -Wall -c -fmessage-length=0 -o "src\\localidad.o" "..\\src\\localidad.c" 
gcc -O0 -g3 -Wall -c -fmessage-length=0 -o "src\\Pedidos.o" "..\\src\\Pedidos.c" 
gcc -o Parcial_laboratorio1.exe "src\\Clientes.o" "src\\Informes.o" "src\\Parcial_laboratorio1.o" "src\\Pedidos.o" "src\\localidad.o" "src\\utn.o" 
08:36:07 **** Incremental Build of configuration Debug for project Parcial_laboratorio1 ****
Info: Internal Builder is used for build
gcc -O0 -g3 -Wall -c -fmessage-length=0 -o "src\\Informes.o" "..\\src\\Informes.c" 
gcc -o Parcial_laboratorio1.exe "src\\Clientes.o" "src\\Informes.o" "src\\Parcial_laboratorio1.o" "src\\Pedidos.o" "src\\localidad.o" "src\\utn.o" 
